# This is the CMakeCache file.
# For build in directory: /Users/leonzhang/Documents/school/cs4301/project/cs4301-burst-MAC-project/ns3-temp/cmake-cache
# It was generated by CMake: /opt/homebrew/bin/cmake
# You can edit this file to change values found and used by cmake.
# If you do not want to change any of the values, simply exit the editor.
# If you do want to change a value, simply edit, save, and exit the editor.
# The syntax for the file is as follows:
# KEY:TYPE=VALUE
# KEY is the name of a variable in the cache.
# TYPE is a hint to GUIs for the type of VALUE, DO NOT EDIT TYPE!.
# VALUE is the current value for the KEY.

########################
# EXTERNAL cache entries
########################

//The directory containing a CMake configuration file for Boost.
Boost_DIR:PATH=Boost_DIR-NOTFOUND

//Path to a program.
CCACHE:FILEPATH=CCACHE-NOTFOUND

//Path to a program.
CMAKE_ADDR2LINE:FILEPATH=CMAKE_ADDR2LINE-NOTFOUND

//Path to a program.
CMAKE_AR:FILEPATH=/usr/bin/ar

//Choose the type of build, options are: None Debug Release RelWithDebInfo
// MinSizeRel ...
CMAKE_BUILD_TYPE:STRING=default

//Enable/Disable color output during build.
CMAKE_COLOR_MAKEFILE:BOOL=ON

//CXX compiler
CMAKE_CXX_COMPILER:FILEPATH=/usr/bin/c++

//Flags used by the CXX compiler during all build types.
CMAKE_CXX_FLAGS:STRING=

//Flags used by the CXX compiler during DEBUG builds.
CMAKE_CXX_FLAGS_DEBUG:STRING=-g

//Flags used by the CXX compiler during DEFAULT builds.
CMAKE_CXX_FLAGS_DEFAULT:STRING=

//Flags used by the CXX compiler during MINSIZEREL builds.
CMAKE_CXX_FLAGS_MINSIZEREL:STRING=-Os -DNDEBUG

//Flags used by the CXX compiler during RELEASE builds.
CMAKE_CXX_FLAGS_RELEASE:STRING=-O3 -DNDEBUG

//Flags used by the CXX compiler during RELWITHDEBINFO builds.
CMAKE_CXX_FLAGS_RELWITHDEBINFO:STRING=-O2 -g -DNDEBUG

//Path to a program.
CMAKE_DLLTOOL:FILEPATH=CMAKE_DLLTOOL-NOTFOUND

//Flags used by the linker during all build types.
CMAKE_EXE_LINKER_FLAGS:STRING=

//Flags used by the linker during DEBUG builds.
CMAKE_EXE_LINKER_FLAGS_DEBUG:STRING=

//Flags used by the linker during DEFAULT builds.
CMAKE_EXE_LINKER_FLAGS_DEFAULT:STRING=

//Flags used by the linker during MINSIZEREL builds.
CMAKE_EXE_LINKER_FLAGS_MINSIZEREL:STRING=

//Flags used by the linker during RELEASE builds.
CMAKE_EXE_LINKER_FLAGS_RELEASE:STRING=

//Flags used by the linker during RELWITHDEBINFO builds.
CMAKE_EXE_LINKER_FLAGS_RELWITHDEBINFO:STRING=

//Enable/Disable output of compile commands during generation.
CMAKE_EXPORT_COMPILE_COMMANDS:BOOL=

//Value Computed by CMake.
CMAKE_FIND_PACKAGE_REDIRECTS_DIR:STATIC=/Users/leonzhang/Documents/school/cs4301/project/cs4301-burst-MAC-project/ns3-temp/cmake-cache/CMakeFiles/pkgRedirects

//Path to a program.
CMAKE_FORMAT_PROGRAM:FILEPATH=CMAKE_FORMAT_PROGRAM-NOTFOUND

//User executables (bin)
CMAKE_INSTALL_BINDIR:PATH=bin

//Read-only architecture-independent data (DATAROOTDIR)
CMAKE_INSTALL_DATADIR:PATH=

//Read-only architecture-independent data root (share)
CMAKE_INSTALL_DATAROOTDIR:PATH=share

//Documentation root (DATAROOTDIR/doc/PROJECT_NAME)
CMAKE_INSTALL_DOCDIR:PATH=

//C header files (include)
CMAKE_INSTALL_INCLUDEDIR:PATH=include

//Info documentation (DATAROOTDIR/info)
CMAKE_INSTALL_INFODIR:PATH=

//Object code libraries (lib)
CMAKE_INSTALL_LIBDIR:PATH=lib

//Program executables (libexec)
CMAKE_INSTALL_LIBEXECDIR:PATH=libexec

//Locale-dependent data (DATAROOTDIR/locale)
CMAKE_INSTALL_LOCALEDIR:PATH=

//Modifiable single-machine data (var)
CMAKE_INSTALL_LOCALSTATEDIR:PATH=var

//Man documentation (DATAROOTDIR/man)
CMAKE_INSTALL_MANDIR:PATH=

//Path to a program.
CMAKE_INSTALL_NAME_TOOL:FILEPATH=/usr/bin/install_name_tool

//C header files for non-gcc (/usr/include)
CMAKE_INSTALL_OLDINCLUDEDIR:PATH=/usr/include

//Install path prefix, prepended onto install directories.
CMAKE_INSTALL_PREFIX:PATH=/usr/local

//Run-time variable data (LOCALSTATEDIR/run)
CMAKE_INSTALL_RUNSTATEDIR:PATH=

//System admin executables (sbin)
CMAKE_INSTALL_SBINDIR:PATH=sbin

//Modifiable architecture-independent data (com)
CMAKE_INSTALL_SHAREDSTATEDIR:PATH=com

//Read-only single-machine data (etc)
CMAKE_INSTALL_SYSCONFDIR:PATH=etc

//Path to a program.
CMAKE_LINKER:FILEPATH=/usr/bin/ld

//Path to a program.
CMAKE_MAKE_PROGRAM:FILEPATH=/usr/bin/make

//Flags used by the linker during the creation of modules during
// all build types.
CMAKE_MODULE_LINKER_FLAGS:STRING=

//Flags used by the linker during the creation of modules during
// DEBUG builds.
CMAKE_MODULE_LINKER_FLAGS_DEBUG:STRING=

//Flags used by the linker during the creation of modules during
// DEFAULT builds.
CMAKE_MODULE_LINKER_FLAGS_DEFAULT:STRING=

//Flags used by the linker during the creation of modules during
// MINSIZEREL builds.
CMAKE_MODULE_LINKER_FLAGS_MINSIZEREL:STRING=

//Flags used by the linker during the creation of modules during
// RELEASE builds.
CMAKE_MODULE_LINKER_FLAGS_RELEASE:STRING=

//Flags used by the linker during the creation of modules during
// RELWITHDEBINFO builds.
CMAKE_MODULE_LINKER_FLAGS_RELWITHDEBINFO:STRING=

//Path to a program.
CMAKE_NM:FILEPATH=/usr/bin/nm

//Path to a program.
CMAKE_OBJCOPY:FILEPATH=CMAKE_OBJCOPY-NOTFOUND

//Path to a program.
CMAKE_OBJDUMP:FILEPATH=/usr/bin/objdump

//Build architectures for OSX
CMAKE_OSX_ARCHITECTURES:STRING=

//Minimum OS X version to target for deployment (at runtime); newer
// APIs weak linked. Set to empty string for default value.
CMAKE_OSX_DEPLOYMENT_TARGET:STRING=

//The product will be built against the headers and libraries located
// inside the indicated SDK.
CMAKE_OSX_SYSROOT:STRING=

//Value Computed by CMake
CMAKE_PROJECT_COMPAT_VERSION:STATIC=

//Value Computed by CMake
CMAKE_PROJECT_DESCRIPTION:STATIC=

//Value Computed by CMake
CMAKE_PROJECT_HOMEPAGE_URL:STATIC=

//Value Computed by CMake
CMAKE_PROJECT_NAME:STATIC=NS3

//Path to a program.
CMAKE_RANLIB:FILEPATH=/usr/bin/ranlib

//Path to a program.
CMAKE_READELF:FILEPATH=CMAKE_READELF-NOTFOUND

//Flags used by the linker during the creation of shared libraries
// during all build types.
CMAKE_SHARED_LINKER_FLAGS:STRING=

//Flags used by the linker during the creation of shared libraries
// during DEBUG builds.
CMAKE_SHARED_LINKER_FLAGS_DEBUG:STRING=

//Flags used by the linker during the creation of shared libraries
// during DEFAULT builds.
CMAKE_SHARED_LINKER_FLAGS_DEFAULT:STRING=

//Flags used by the linker during the creation of shared libraries
// during MINSIZEREL builds.
CMAKE_SHARED_LINKER_FLAGS_MINSIZEREL:STRING=

//Flags used by the linker during the creation of shared libraries
// during RELEASE builds.
CMAKE_SHARED_LINKER_FLAGS_RELEASE:STRING=

//Flags used by the linker during the creation of shared libraries
// during RELWITHDEBINFO builds.
CMAKE_SHARED_LINKER_FLAGS_RELWITHDEBINFO:STRING=

//If set, runtime paths are not added when installing shared libraries,
// but are added when building.
CMAKE_SKIP_INSTALL_RPATH:BOOL=NO

//If set, runtime paths are not added when using shared libraries.
CMAKE_SKIP_RPATH:BOOL=NO

//Flags used by the archiver during the creation of static libraries
// during all build types.
CMAKE_STATIC_LINKER_FLAGS:STRING=

//Flags used by the archiver during the creation of static libraries
// during DEBUG builds.
CMAKE_STATIC_LINKER_FLAGS_DEBUG:STRING=

//Flags used by the archiver during the creation of static libraries
// during DEFAULT builds.
CMAKE_STATIC_LINKER_FLAGS_DEFAULT:STRING=

//Flags used by the archiver during the creation of static libraries
// during MINSIZEREL builds.
CMAKE_STATIC_LINKER_FLAGS_MINSIZEREL:STRING=

//Flags used by the archiver during the creation of static libraries
// during RELEASE builds.
CMAKE_STATIC_LINKER_FLAGS_RELEASE:STRING=

//Flags used by the archiver during the creation of static libraries
// during RELWITHDEBINFO builds.
CMAKE_STATIC_LINKER_FLAGS_RELWITHDEBINFO:STRING=

//Path to a program.
CMAKE_STRIP:FILEPATH=/usr/bin/strip

CMAKE_SUPPRESS_DEVELOPER_WARNINGS:BOOL=0

//Path to a program.
CMAKE_TAPI:FILEPATH=/Applications/Xcode.app/Contents/Developer/Toolchains/XcodeDefault.xctoolchain/usr/bin/tapi

//Path to a program.
CONVERT:FILEPATH=CONVERT-NOTFOUND

//Path to a program.
DIA:FILEPATH=DIA-NOTFOUND

//Path to a program.
DOT:FILEPATH=DOT-NOTFOUND

//Path to a program.
DOXYGEN:FILEPATH=DOXYGEN-NOTFOUND

//Path to a program.
DVIPNG:FILEPATH=DVIPNG-NOTFOUND

//Path to a file.
EIGEN3_INCLUDE_DIR:PATH=EIGEN3_INCLUDE_DIR-NOTFOUND

//Path to a program.
EPSTOPDF:FILEPATH=EPSTOPDF-NOTFOUND

//The directory containing a CMake configuration file for Eigen3.
Eigen3_DIR:PATH=Eigen3_DIR-NOTFOUND

//Git command line client
GIT_EXECUTABLE:FILEPATH=/usr/bin/git

//Path to a library.
GSL_CBLAS_LIBRARY:FILEPATH=/Applications/Xcode.app/Contents/Developer/Platforms/MacOSX.platform/Developer/SDKs/MacOSX.sdk/usr/lib/libcblas.tbd

//Path to a library.
GSL_CBLAS_LIBRARY_DEBUG:FILEPATH=/Applications/Xcode.app/Contents/Developer/Platforms/MacOSX.platform/Developer/SDKs/MacOSX.sdk/usr/lib/libcblas.tbd

//Path to a program.
GSL_CONFIG_EXECUTABLE:FILEPATH=GSL_CONFIG_EXECUTABLE-NOTFOUND

//Path to a file.
GSL_INCLUDE_DIR:PATH=GSL_INCLUDE_DIR-NOTFOUND

//Path to a library.
GSL_LIBRARY:FILEPATH=GSL_LIBRARY-NOTFOUND

//Path to a library.
GSL_LIBRARY_DEBUG:FILEPATH=GSL_LIBRARY_DEBUG-NOTFOUND

//Path to a file.
HarfBuzz_INCLUDE_DIR:PATH=HarfBuzz_INCLUDE_DIR-NOTFOUND

//Path to a library.
HarfBuzz_LIBRARY:FILEPATH=HarfBuzz_LIBRARY-NOTFOUND

//Path to a program.
LATEXMK:FILEPATH=LATEXMK-NOTFOUND

//Path to a file.
LIBXML2_INCLUDE_DIR:PATH=/Applications/Xcode.app/Contents/Developer/Platforms/MacOSX.platform/Developer/SDKs/MacOSX.sdk/usr/include/libxml2

//Path to a library.
LIBXML2_LIBRARY:FILEPATH=/Applications/Xcode.app/Contents/Developer/Platforms/MacOSX.platform/Developer/SDKs/MacOSX.sdk/usr/lib/libxml2.tbd

//Path to a program.
LIBXML2_XMLLINT_EXECUTABLE:FILEPATH=/usr/bin/xmllint

//Path to a program.
LLD:FILEPATH=LLD-NOTFOUND

//Path to a program.
MOLD:FILEPATH=MOLD-NOTFOUND

//Enable assert on failure
NS3_ASSERT:BOOL=ON

//Value Computed by CMake
NS3_BINARY_DIR:STATIC=/Users/leonzhang/Documents/school/cs4301/project/cs4301-burst-MAC-project/ns3-temp/cmake-cache

//Use Ccache to speed up recompilation
NS3_CCACHE:BOOL=ON

//Enforce cody style with clang-format
NS3_CLANG_FORMAT:BOOL=OFF

//Use clang-tidy static analysis
NS3_CLANG_TIDY:BOOL=OFF

//Collect compilation statistics to analyze the build process
NS3_CLANG_TIMETRACE:BOOL=OFF

//Colorize CMake messages
NS3_COLORED_OUTPUT:BOOL=OFF

//Enable code coverage measurements and report generation
NS3_COVERAGE:BOOL=OFF

//Zero lcov counters before running. Requires NS3_COVERAGE=ON
NS3_COVERAGE_ZERO_COUNTERS:BOOL=OFF

//Enable the CPM C++ library manager support
NS3_CPM:BOOL=OFF

//Enable DES Metrics event collection
NS3_DES_METRICS:BOOL=OFF

//List of modules to disable (e.g. lte;wifi)
NS3_DISABLED_MODULES:STRING=

//Enable fd-net-device DPDK features
NS3_DPDK:BOOL=OFF

//Build with Eigen support
NS3_EIGEN:BOOL=ON

//Build with emulation support
NS3_EMU:BOOL=ON

//List of modules to enable (e.g. core;network;internet)
NS3_ENABLED_MODULES:STRING=lorawan

//Embed version info into libraries
NS3_ENABLE_BUILD_VERSION:BOOL=OFF

//Set executables ownership to root and enable the SUID flag
NS3_ENABLE_SUDO:BOOL=OFF

//Enable examples to be built
NS3_EXAMPLES:BOOL=ON

//Use Mold or LLD to speed up linking if available
NS3_FAST_LINKERS:BOOL=ON

//Fetch Brite, Click and Openflow dependencies
NS3_FETCH_OPTIONAL_COMPONENTS:BOOL=OFF

//List of modules that should have their examples and tests built
// (e.g. lte;wifi)
NS3_FILTER_MODULE_EXAMPLES_AND_TESTS:STRING=

//Only search applications, headers, libraries on explicitly set
// directories
NS3_FORCE_LOCAL_DEPENDENCIES:BOOL=OFF

//Build with GSL support
NS3_GSL:BOOL=ON

//Build with GTK3 support
NS3_GTK3:BOOL=ON

//Use IWYU to determine unnecessary headers included
NS3_INCLUDE_WHAT_YOU_USE:BOOL=OFF

//Int64x64 implementation
NS3_INT64X64:STRING=INT128

//Value Computed by CMake
NS3_IS_TOP_LEVEL:STATIC=ON

//Build with link-time optimization
NS3_LINK_TIME_OPTIMIZATION:BOOL=OFF

//Use LWYU to determine unnecessary linked libraries
NS3_LINK_WHAT_YOU_USE:BOOL=OFF

//Enable logging to be built
NS3_LOG:BOOL=ON

//Build a single shared ns-3 library and link it against executables
NS3_MONOLIB:BOOL=OFF

//Build with MPI support
NS3_MPI:BOOL=OFF

//Build with -march=native -mtune=native
NS3_NATIVE_OPTIMIZATIONS:BOOL=OFF

//Build netanim
NS3_NETANIM:BOOL=OFF

//Use ninjatracing to convert Ninja's build log to the about://tracing
// format
NS3_NINJA_TRACING:BOOL=OFF

//Directory to store built artifacts
NS3_OUTPUT_DIRECTORY:STRING=

//Control aspects related to pip wheel packaging
NS3_PIP_PACKAGING:BOOL=OFF

//Precompile module headers to speed up compilation
NS3_PRECOMPILE_HEADERS:BOOL=ON

//Build ns-3 python bindings
NS3_PYTHON_BINDINGS:BOOL=OFF

//Export all third-party libraries
//\nand include directories to ns-3 module consumers
NS3_REEXPORT_THIRD_PARTY_LIBRARIES:BOOL=ON

//Build with address, leak and undefined sanitizers
NS3_SANITIZE:BOOL=OFF

//Build with memory sanitizer
NS3_SANITIZE_MEMORY:BOOL=OFF

//Value Computed by CMake
NS3_SOURCE_DIR:STATIC=/Users/leonzhang/Documents/school/cs4301/project/cs4301-burst-MAC-project/ns3-temp

//Build with SQLite support
NS3_SQLITE:BOOL=ON

//Build a static ns-3 library and link it against executables
NS3_STATIC:BOOL=OFF

//Build with Tap support
NS3_TAP:BOOL=ON

//Enable tests to be built
NS3_TESTS:BOOL=ON

//Enable the Vcpkg C++ library manager support
NS3_VCPKG:BOOL=OFF

//Print additional build system messages
NS3_VERBOSE:BOOL=OFF

//Build visualizer module
NS3_VISUALIZER:BOOL=ON

//Enable compiler warnings
NS3_WARNINGS:BOOL=ON

//Treat warnings as errors. Requires NS3_WARNINGS=ON
NS3_WARNINGS_AS_ERRORS:BOOL=OFF

//Path to a program.
PDFLATEX:FILEPATH=PDFLATEX-NOTFOUND

//Arguments to supply to pkg-config
PKG_CONFIG_ARGN:STRING=

//pkg-config executable
PKG_CONFIG_EXECUTABLE:FILEPATH=PKG_CONFIG_EXECUTABLE-NOTFOUND

//Path to a program.
PYTHON3:FILEPATH=/usr/local/bin/python3

//Path to a program.
ProcessorCount_cmd_sysctl:FILEPATH=/usr/sbin/sysctl

//Path to sphinx-build executable
SPHINX_EXECUTABLE:FILEPATH=SPHINX_EXECUTABLE-NOTFOUND

//Output standalone HTML files
SPHINX_OUTPUT_HTML:BOOL=ON

//Output man pages
SPHINX_OUTPUT_MAN:BOOL=ON

//When building documentation treat warnings as errors
SPHINX_WARNINGS_AS_ERRORS:BOOL=ON

//Path to a file.
SQLite3_INCLUDE_DIR:PATH=/Applications/Xcode.app/Contents/Developer/Platforms/MacOSX.platform/Developer/SDKs/MacOSX.sdk/usr/include

//Path to a library.
SQLite3_LIBRARY:FILEPATH=/Applications/Xcode.app/Contents/Developer/Platforms/MacOSX.platform/Developer/SDKs/MacOSX.sdk/usr/lib/libsqlite3.tbd

//Path to a program.
VALGRIND:FILEPATH=VALGRIND-NOTFOUND


########################
# INTERNAL cache entries
########################

//Result of TRY_COMPILE
CLANG_LIBCPP_WORKS:INTERNAL=TRUE
//Result of TRY_COMPILE
CLANG_STDLIBCPP_WORKS:INTERNAL=FALSE
//ADVANCED property for variable: CMAKE_ADDR2LINE
CMAKE_ADDR2LINE-ADVANCED:INTERNAL=1
//ADVANCED property for variable: CMAKE_AR
CMAKE_AR-ADVANCED:INTERNAL=1
//This is the directory where this CMakeCache.txt was created
CMAKE_CACHEFILE_DIR:INTERNAL=/Users/leonzhang/Documents/school/cs4301/project/cs4301-burst-MAC-project/ns3-temp/cmake-cache
//Major version of cmake used to create the current loaded cache
CMAKE_CACHE_MAJOR_VERSION:INTERNAL=4
//Minor version of cmake used to create the current loaded cache
CMAKE_CACHE_MINOR_VERSION:INTERNAL=1
//Patch version of cmake used to create the current loaded cache
CMAKE_CACHE_PATCH_VERSION:INTERNAL=2
//ADVANCED property for variable: CMAKE_COLOR_MAKEFILE
CMAKE_COLOR_MAKEFILE-ADVANCED:INTERNAL=1
//Path to CMake executable.
CMAKE_COMMAND:INTERNAL=/opt/homebrew/bin/cmake
//Path to cpack program executable.
CMAKE_CPACK_COMMAND:INTERNAL=/opt/homebrew/bin/cpack
//Path to ctest program executable.
CMAKE_CTEST_COMMAND:INTERNAL=/opt/homebrew/bin/ctest
//ADVANCED property for variable: CMAKE_CXX_COMPILER
CMAKE_CXX_COMPILER-ADVANCED:INTERNAL=1
//ADVANCED property for variable: CMAKE_CXX_FLAGS
CMAKE_CXX_FLAGS-ADVANCED:INTERNAL=1
//ADVANCED property for variable: CMAKE_CXX_FLAGS_DEBUG
CMAKE_CXX_FLAGS_DEBUG-ADVANCED:INTERNAL=1
//ADVANCED property for variable: CMAKE_CXX_FLAGS_DEFAULT
CMAKE_CXX_FLAGS_DEFAULT-ADVANCED:INTERNAL=1
//ADVANCED property for variable: CMAKE_CXX_FLAGS_MINSIZEREL
CMAKE_CXX_FLAGS_MINSIZEREL-ADVANCED:INTERNAL=1
//ADVANCED property for variable: CMAKE_CXX_FLAGS_RELEASE
CMAKE_CXX_FLAGS_RELEASE-ADVANCED:INTERNAL=1
//ADVANCED property for variable: CMAKE_CXX_FLAGS_RELWITHDEBINFO
CMAKE_CXX_FLAGS_RELWITHDEBINFO-ADVANCED:INTERNAL=1
//ADVANCED property for variable: CMAKE_DLLTOOL
CMAKE_DLLTOOL-ADVANCED:INTERNAL=1
//Path to cache edit program executable.
CMAKE_EDIT_COMMAND:INTERNAL=/opt/homebrew/bin/ccmake
//Executable file format
CMAKE_EXECUTABLE_FORMAT:INTERNAL=MACHO
//ADVANCED property for variable: CMAKE_EXE_LINKER_FLAGS
CMAKE_EXE_LINKER_FLAGS-ADVANCED:INTERNAL=1
//ADVANCED property for variable: CMAKE_EXE_LINKER_FLAGS_DEBUG
CMAKE_EXE_LINKER_FLAGS_DEBUG-ADVANCED:INTERNAL=1
//ADVANCED property for variable: CMAKE_EXE_LINKER_FLAGS_DEFAULT
CMAKE_EXE_LINKER_FLAGS_DEFAULT-ADVANCED:INTERNAL=1
//ADVANCED property for variable: CMAKE_EXE_LINKER_FLAGS_MINSIZEREL
CMAKE_EXE_LINKER_FLAGS_MINSIZEREL-ADVANCED:INTERNAL=1
//ADVANCED property for variable: CMAKE_EXE_LINKER_FLAGS_RELEASE
CMAKE_EXE_LINKER_FLAGS_RELEASE-ADVANCED:INTERNAL=1
//ADVANCED property for variable: CMAKE_EXE_LINKER_FLAGS_RELWITHDEBINFO
CMAKE_EXE_LINKER_FLAGS_RELWITHDEBINFO-ADVANCED:INTERNAL=1
//ADVANCED property for variable: CMAKE_EXPORT_COMPILE_COMMANDS
CMAKE_EXPORT_COMPILE_COMMANDS-ADVANCED:INTERNAL=1
//Name of external makefile project generator.
CMAKE_EXTRA_GENERATOR:INTERNAL=
//Name of generator.
CMAKE_GENERATOR:INTERNAL=Unix Makefiles
//Generator instance identifier.
CMAKE_GENERATOR_INSTANCE:INTERNAL=
//Name of generator platform.
CMAKE_GENERATOR_PLATFORM:INTERNAL=
//Name of generator toolset.
CMAKE_GENERATOR_TOOLSET:INTERNAL=
//Test CMAKE_HAVE_LIBC_PTHREAD
CMAKE_HAVE_LIBC_PTHREAD:INTERNAL=1
//Source directory with the top level CMakeLists.txt file for this
// project
CMAKE_HOME_DIRECTORY:INTERNAL=/Users/leonzhang/Documents/school/cs4301/project/cs4301-burst-MAC-project/ns3-temp
//ADVANCED property for variable: CMAKE_INSTALL_BINDIR
CMAKE_INSTALL_BINDIR-ADVANCED:INTERNAL=1
//ADVANCED property for variable: CMAKE_INSTALL_DATADIR
CMAKE_INSTALL_DATADIR-ADVANCED:INTERNAL=1
//ADVANCED property for variable: CMAKE_INSTALL_DATAROOTDIR
CMAKE_INSTALL_DATAROOTDIR-ADVANCED:INTERNAL=1
//ADVANCED property for variable: CMAKE_INSTALL_DOCDIR
CMAKE_INSTALL_DOCDIR-ADVANCED:INTERNAL=1
//ADVANCED property for variable: CMAKE_INSTALL_INCLUDEDIR
CMAKE_INSTALL_INCLUDEDIR-ADVANCED:INTERNAL=1
//ADVANCED property for variable: CMAKE_INSTALL_INFODIR
CMAKE_INSTALL_INFODIR-ADVANCED:INTERNAL=1
//ADVANCED property for variable: CMAKE_INSTALL_LIBDIR
CMAKE_INSTALL_LIBDIR-ADVANCED:INTERNAL=1
//ADVANCED property for variable: CMAKE_INSTALL_LIBEXECDIR
CMAKE_INSTALL_LIBEXECDIR-ADVANCED:INTERNAL=1
//ADVANCED property for variable: CMAKE_INSTALL_LOCALEDIR
CMAKE_INSTALL_LOCALEDIR-ADVANCED:INTERNAL=1
//ADVANCED property for variable: CMAKE_INSTALL_LOCALSTATEDIR
CMAKE_INSTALL_LOCALSTATEDIR-ADVANCED:INTERNAL=1
//ADVANCED property for variable: CMAKE_INSTALL_MANDIR
CMAKE_INSTALL_MANDIR-ADVANCED:INTERNAL=1
//ADVANCED property for variable: CMAKE_INSTALL_NAME_TOOL
CMAKE_INSTALL_NAME_TOOL-ADVANCED:INTERNAL=1
//ADVANCED property for variable: CMAKE_INSTALL_OLDINCLUDEDIR
CMAKE_INSTALL_OLDINCLUDEDIR-ADVANCED:INTERNAL=1
//ADVANCED property for variable: CMAKE_INSTALL_RUNSTATEDIR
CMAKE_INSTALL_RUNSTATEDIR-ADVANCED:INTERNAL=1
//ADVANCED property for variable: CMAKE_INSTALL_SBINDIR
CMAKE_INSTALL_SBINDIR-ADVANCED:INTERNAL=1
//ADVANCED property for variable: CMAKE_INSTALL_SHAREDSTATEDIR
CMAKE_INSTALL_SHAREDSTATEDIR-ADVANCED:INTERNAL=1
//ADVANCED property for variable: CMAKE_INSTALL_SYSCONFDIR
CMAKE_INSTALL_SYSCONFDIR-ADVANCED:INTERNAL=1
//ADVANCED property for variable: CMAKE_LINKER
CMAKE_LINKER-ADVANCED:INTERNAL=1
//Name of CMakeLists files to read
CMAKE_LIST_FILE_NAME:INTERNAL=CMakeLists.txt
//ADVANCED property for variable: CMAKE_MAKE_PROGRAM
CMAKE_MAKE_PROGRAM-ADVANCED:INTERNAL=1
//ADVANCED property for variable: CMAKE_MODULE_LINKER_FLAGS
CMAKE_MODULE_LINKER_FLAGS-ADVANCED:INTERNAL=1
//ADVANCED property for variable: CMAKE_MODULE_LINKER_FLAGS_DEBUG
CMAKE_MODULE_LINKER_FLAGS_DEBUG-ADVANCED:INTERNAL=1
//ADVANCED property for variable: CMAKE_MODULE_LINKER_FLAGS_DEFAULT
CMAKE_MODULE_LINKER_FLAGS_DEFAULT-ADVANCED:INTERNAL=1
//ADVANCED property for variable: CMAKE_MODULE_LINKER_FLAGS_MINSIZEREL
CMAKE_MODULE_LINKER_FLAGS_MINSIZEREL-ADVANCED:INTERNAL=1
//ADVANCED property for variable: CMAKE_MODULE_LINKER_FLAGS_RELEASE
CMAKE_MODULE_LINKER_FLAGS_RELEASE-ADVANCED:INTERNAL=1
//ADVANCED property for variable: CMAKE_MODULE_LINKER_FLAGS_RELWITHDEBINFO
CMAKE_MODULE_LINKER_FLAGS_RELWITHDEBINFO-ADVANCED:INTERNAL=1
//ADVANCED property for variable: CMAKE_NM
CMAKE_NM-ADVANCED:INTERNAL=1
//number of local generators
CMAKE_NUMBER_OF_MAKEFILES:INTERNAL=42
//ADVANCED property for variable: CMAKE_OBJCOPY
CMAKE_OBJCOPY-ADVANCED:INTERNAL=1
//ADVANCED property for variable: CMAKE_OBJDUMP
CMAKE_OBJDUMP-ADVANCED:INTERNAL=1
//Platform information initialized
CMAKE_PLATFORM_INFO_INITIALIZED:INTERNAL=1
//ADVANCED property for variable: CMAKE_RANLIB
CMAKE_RANLIB-ADVANCED:INTERNAL=1
//ADVANCED property for variable: CMAKE_READELF
CMAKE_READELF-ADVANCED:INTERNAL=1
//Path to CMake installation.
CMAKE_ROOT:INTERNAL=/opt/homebrew/share/cmake
//ADVANCED property for variable: CMAKE_SHARED_LINKER_FLAGS
CMAKE_SHARED_LINKER_FLAGS-ADVANCED:INTERNAL=1
//ADVANCED property for variable: CMAKE_SHARED_LINKER_FLAGS_DEBUG
CMAKE_SHARED_LINKER_FLAGS_DEBUG-ADVANCED:INTERNAL=1
//ADVANCED property for variable: CMAKE_SHARED_LINKER_FLAGS_DEFAULT
CMAKE_SHARED_LINKER_FLAGS_DEFAULT-ADVANCED:INTERNAL=1
//ADVANCED property for variable: CMAKE_SHARED_LINKER_FLAGS_MINSIZEREL
CMAKE_SHARED_LINKER_FLAGS_MINSIZEREL-ADVANCED:INTERNAL=1
//ADVANCED property for variable: CMAKE_SHARED_LINKER_FLAGS_RELEASE
CMAKE_SHARED_LINKER_FLAGS_RELEASE-ADVANCED:INTERNAL=1
//ADVANCED property for variable: CMAKE_SHARED_LINKER_FLAGS_RELWITHDEBINFO
CMAKE_SHARED_LINKER_FLAGS_RELWITHDEBINFO-ADVANCED:INTERNAL=1
//ADVANCED property for variable: CMAKE_SKIP_INSTALL_RPATH
CMAKE_SKIP_INSTALL_RPATH-ADVANCED:INTERNAL=1
//ADVANCED property for variable: CMAKE_SKIP_RPATH
CMAKE_SKIP_RPATH-ADVANCED:INTERNAL=1
//ADVANCED property for variable: CMAKE_STATIC_LINKER_FLAGS
CMAKE_STATIC_LINKER_FLAGS-ADVANCED:INTERNAL=1
//ADVANCED property for variable: CMAKE_STATIC_LINKER_FLAGS_DEBUG
CMAKE_STATIC_LINKER_FLAGS_DEBUG-ADVANCED:INTERNAL=1
//ADVANCED property for variable: CMAKE_STATIC_LINKER_FLAGS_DEFAULT
CMAKE_STATIC_LINKER_FLAGS_DEFAULT-ADVANCED:INTERNAL=1
//ADVANCED property for variable: CMAKE_STATIC_LINKER_FLAGS_MINSIZEREL
CMAKE_STATIC_LINKER_FLAGS_MINSIZEREL-ADVANCED:INTERNAL=1
//ADVANCED property for variable: CMAKE_STATIC_LINKER_FLAGS_RELEASE
CMAKE_STATIC_LINKER_FLAGS_RELEASE-ADVANCED:INTERNAL=1
//ADVANCED property for variable: CMAKE_STATIC_LINKER_FLAGS_RELWITHDEBINFO
CMAKE_STATIC_LINKER_FLAGS_RELWITHDEBINFO-ADVANCED:INTERNAL=1
//ADVANCED property for variable: CMAKE_STRIP
CMAKE_STRIP-ADVANCED:INTERNAL=1
//ADVANCED property for variable: CMAKE_TAPI
CMAKE_TAPI-ADVANCED:INTERNAL=1
//uname command
CMAKE_UNAME:INTERNAL=/usr/bin/uname
//Compiler support for a deprecated attribute
COMPILER_HAS_DEPRECATED:INTERNAL=1
//Test COMPILER_HAS_DEPRECATED_ATTR
COMPILER_HAS_DEPRECATED_ATTR:INTERNAL=1
//Test COMPILER_HAS_HIDDEN_INLINE_VISIBILITY
COMPILER_HAS_HIDDEN_INLINE_VISIBILITY:INTERNAL=1
//Test COMPILER_HAS_HIDDEN_VISIBILITY
COMPILER_HAS_HIDDEN_VISIBILITY:INTERNAL=1
//ADVANCED property for variable: DIA
DIA-ADVANCED:INTERNAL=1
//ADVANCED property for variable: EIGEN3_INCLUDE_DIR
EIGEN3_INCLUDE_DIR-ADVANCED:INTERNAL=1
ENABLE_DPDKDEVNET:INTERNAL=False
ENABLE_EMUNETDEV:INTERNAL=False
ENABLE_FDNETDEV:INTERNAL=False
ENABLE_NETMAP_EMU:INTERNAL=False
ENABLE_TAPNETDEV:INTERNAL=False
//Details about finding Git
FIND_PACKAGE_MESSAGE_DETAILS_Git:INTERNAL=[/usr/bin/git][v2.39.5 (Apple Git-154)()]
//Details about finding Python3
FIND_PACKAGE_MESSAGE_DETAILS_Python3:INTERNAL=[/Library/Frameworks/Python.framework/Versions/3.13/bin/python3.13][found components: Interpreter ][v3.13.5()]
//ADVANCED property for variable: GIT_EXECUTABLE
GIT_EXECUTABLE-ADVANCED:INTERNAL=1
//ADVANCED property for variable: GSL_CBLAS_LIBRARY
GSL_CBLAS_LIBRARY-ADVANCED:INTERNAL=1
//ADVANCED property for variable: GSL_CBLAS_LIBRARY_DEBUG
GSL_CBLAS_LIBRARY_DEBUG-ADVANCED:INTERNAL=1
//ADVANCED property for variable: GSL_INCLUDE_DIR
GSL_INCLUDE_DIR-ADVANCED:INTERNAL=1
//ADVANCED property for variable: GSL_LIBRARY
GSL_LIBRARY-ADVANCED:INTERNAL=1
//ADVANCED property for variable: GSL_LIBRARY_DEBUG
GSL_LIBRARY_DEBUG-ADVANCED:INTERNAL=1
//Have includes boost/math/special_functions/bessel.hpp
HAVE_BOOST_BESSEL_FUNC:INTERNAL=
//Have includes boost/units/quantity.hpp;boost/units/systems/si.hpp
HAVE_BOOST_UNITS:INTERNAL=
//Have include dirent.h
HAVE_DIRENT_H:INTERNAL=1
//Have function getenv
HAVE_GETENV:INTERNAL=1
//Have include netpacket/packet.h
HAVE_PACKETH:INTERNAL=
//Have include signal.h
HAVE_SIGNAL_H:INTERNAL=1
//Test HAVE_STD_BESSEL_FUNC
HAVE_STD_BESSEL_FUNC:INTERNAL=
//Have include sys/stat.h
HAVE_SYS_STAT_H:INTERNAL=1
//Have include sys/types.h
HAVE_SYS_TYPES_H:INTERNAL=1
//Test HAVE_UINT128_T
HAVE_UINT128_T:INTERNAL=
//Test HAVE___UINT128_T
HAVE___UINT128_T:INTERNAL=1
//ADVANCED property for variable: HarfBuzz_INCLUDE_DIR
HarfBuzz_INCLUDE_DIR-ADVANCED:INTERNAL=1
//ADVANCED property for variable: HarfBuzz_LIBRARY
HarfBuzz_LIBRARY-ADVANCED:INTERNAL=1
//ADVANCED property for variable: LIBXML2_INCLUDE_DIR
LIBXML2_INCLUDE_DIR-ADVANCED:INTERNAL=1
//ADVANCED property for variable: LIBXML2_LIBRARY
LIBXML2_LIBRARY-ADVANCED:INTERNAL=1
//ADVANCED property for variable: LIBXML2_XMLLINT_EXECUTABLE
LIBXML2_XMLLINT_EXECUTABLE-ADVANCED:INTERNAL=1
//STRINGS property for variable: NS3_INT64X64
NS3_INT64X64-STRINGS:INTERNAL=INT128;CAIRO;DOUBLE
PC_HARFBUZZ_CFLAGS:INTERNAL=
PC_HARFBUZZ_CFLAGS_I:INTERNAL=
PC_HARFBUZZ_CFLAGS_OTHER:INTERNAL=
PC_HARFBUZZ_FOUND:INTERNAL=
PC_HARFBUZZ_INCLUDEDIR:INTERNAL=
PC_HARFBUZZ_LIBDIR:INTERNAL=
PC_HARFBUZZ_LIBS:INTERNAL=
PC_HARFBUZZ_LIBS_L:INTERNAL=
PC_HARFBUZZ_LIBS_OTHER:INTERNAL=
PC_HARFBUZZ_LIBS_PATHS:INTERNAL=
PC_HARFBUZZ_MODULE_NAME:INTERNAL=
PC_HARFBUZZ_PREFIX:INTERNAL=
PC_HARFBUZZ_STATIC_CFLAGS:INTERNAL=
PC_HARFBUZZ_STATIC_CFLAGS_I:INTERNAL=
PC_HARFBUZZ_STATIC_CFLAGS_OTHER:INTERNAL=
PC_HARFBUZZ_STATIC_LIBDIR:INTERNAL=
PC_HARFBUZZ_STATIC_LIBS:INTERNAL=
PC_HARFBUZZ_STATIC_LIBS_L:INTERNAL=
PC_HARFBUZZ_STATIC_LIBS_OTHER:INTERNAL=
PC_HARFBUZZ_STATIC_LIBS_PATHS:INTERNAL=
PC_HARFBUZZ_VERSION:INTERNAL=
//ADVANCED property for variable: PKG_CONFIG_ARGN
PKG_CONFIG_ARGN-ADVANCED:INTERNAL=1
//ADVANCED property for variable: PKG_CONFIG_EXECUTABLE
PKG_CONFIG_EXECUTABLE-ADVANCED:INTERNAL=1
//ADVANCED property for variable: ProcessorCount_cmd_sysctl
ProcessorCount_cmd_sysctl-ADVANCED:INTERNAL=1
//ADVANCED property for variable: SQLite3_INCLUDE_DIR
SQLite3_INCLUDE_DIR-ADVANCED:INTERNAL=1
//ADVANCED property for variable: SQLite3_LIBRARY
SQLite3_LIBRARY-ADVANCED:INTERNAL=1
//Test STACKTRACE_LIBRARY_ENABLED
STACKTRACE_LIBRARY_ENABLED:INTERNAL=
//CMAKE_INSTALL_PREFIX during last run
_GNUInstallDirs_LAST_CMAKE_INSTALL_PREFIX:INTERNAL=/usr/local
//Compiler reason failure
_Python3_Compiler_REASON_FAILURE:INTERNAL=
//Development reason failure
_Python3_Development_REASON_FAILURE:INTERNAL=
//Path to a program.
_Python3_EXECUTABLE:INTERNAL=/Library/Frameworks/Python.framework/Versions/3.13/bin/python3.13
//Python3 Properties
_Python3_INTERPRETER_PROPERTIES:INTERNAL=Python;3;13;5;64;32;<none>;cpython-313-darwin;abi3;/Library/Frameworks/Python.framework/Versions/3.13/lib/python3.13;/Library/Frameworks/Python.framework/Versions/3.13/lib/python3.13;/Library/Frameworks/Python.framework/Versions/3.13/lib/python3.13/site-packages;/Library/Frameworks/Python.framework/Versions/3.13/lib/python3.13/site-packages
_Python3_INTERPRETER_SIGNATURE:INTERNAL=99bf8198f2cc8c6b5a5139ed8aec721e
//NumPy reason failure
_Python3_NumPy_REASON_FAILURE:INTERNAL=
__pkg_config_checked_PC_HARFBUZZ:INTERNAL=1
build_profile:INTERNAL=default
build_profile_suffix:INTERNAL=-default
libantenna:INTERNAL=antenna
libantenna-obj:INTERNAL=antenna-obj
libaodv:INTERNAL=aodv
libaodv-obj:INTERNAL=aodv-obj
libapplications:INTERNAL=applications
libapplications-obj:INTERNAL=applications-obj
libbridge:INTERNAL=bridge
libbridge-obj:INTERNAL=bridge-obj
libbrite:INTERNAL=brite
libbrite-obj:INTERNAL=brite-obj
libbuildings:INTERNAL=buildings
libbuildings-obj:INTERNAL=buildings-obj
libclick:INTERNAL=click
libclick-obj:INTERNAL=click-obj
libconfig-store:INTERNAL=config-store
libconfig-store-obj:INTERNAL=config-store-obj
libcore:INTERNAL=core
libcore-obj:INTERNAL=core-obj
libcsma:INTERNAL=csma
libcsma-layout:INTERNAL=csma-layout
libcsma-layout-obj:INTERNAL=csma-layout-obj
libcsma-obj:INTERNAL=csma-obj
libdsdv:INTERNAL=dsdv
libdsdv-obj:INTERNAL=dsdv-obj
libdsr:INTERNAL=dsr
libdsr-obj:INTERNAL=dsr-obj
libenergy:INTERNAL=energy
libenergy-obj:INTERNAL=energy-obj
libfd-net-device:INTERNAL=fd-net-device
libfd-net-device-obj:INTERNAL=fd-net-device-obj
libflow-monitor:INTERNAL=flow-monitor
libflow-monitor-obj:INTERNAL=flow-monitor-obj
libinternet:INTERNAL=internet
libinternet-apps:INTERNAL=internet-apps
libinternet-apps-obj:INTERNAL=internet-apps-obj
libinternet-obj:INTERNAL=internet-obj
liblorawan:INTERNAL=lorawan
liblorawan-obj:INTERNAL=lorawan-obj
liblr-wpan:INTERNAL=lr-wpan
liblr-wpan-obj:INTERNAL=lr-wpan-obj
liblte:INTERNAL=lte
liblte-obj:INTERNAL=lte-obj
libmesh:INTERNAL=mesh
libmesh-obj:INTERNAL=mesh-obj
libmobility:INTERNAL=mobility
libmobility-obj:INTERNAL=mobility-obj
libmpi:INTERNAL=mpi
libmpi-obj:INTERNAL=mpi-obj
libnetanim:INTERNAL=netanim
libnetanim-obj:INTERNAL=netanim-obj
libnetwork:INTERNAL=network
libnetwork-obj:INTERNAL=network-obj
libnix-vector-routing:INTERNAL=nix-vector-routing
libnix-vector-routing-obj:INTERNAL=nix-vector-routing-obj
libolsr:INTERNAL=olsr
libolsr-obj:INTERNAL=olsr-obj
libopenflow:INTERNAL=openflow
libopenflow-obj:INTERNAL=openflow-obj
libpoint-to-point:INTERNAL=point-to-point
libpoint-to-point-layout:INTERNAL=point-to-point-layout
libpoint-to-point-layout-obj:INTERNAL=point-to-point-layout-obj
libpoint-to-point-obj:INTERNAL=point-to-point-obj
libpropagation:INTERNAL=propagation
libpropagation-obj:INTERNAL=propagation-obj
libsixlowpan:INTERNAL=sixlowpan
libsixlowpan-obj:INTERNAL=sixlowpan-obj
libspectrum:INTERNAL=spectrum
libspectrum-obj:INTERNAL=spectrum-obj
libstats:INTERNAL=stats
libstats-obj:INTERNAL=stats-obj
libtap-bridge:INTERNAL=tap-bridge
libtap-bridge-obj:INTERNAL=tap-bridge-obj
libtest:INTERNAL=test
libtest-obj:INTERNAL=test-obj
libtopology-read:INTERNAL=topology-read
libtopology-read-obj:INTERNAL=topology-read-obj
libtraffic-control:INTERNAL=traffic-control
libtraffic-control-obj:INTERNAL=traffic-control-obj
libuan:INTERNAL=uan
libuan-obj:INTERNAL=uan-obj
libvirtual-net-device:INTERNAL=virtual-net-device
libvirtual-net-device-obj:INTERNAL=virtual-net-device-obj
libvisualizer:INTERNAL=visualizer
libvisualizer-obj:INTERNAL=visualizer-obj
libwifi:INTERNAL=wifi
libwifi-obj:INTERNAL=wifi-obj
libzigbee:INTERNAL=zigbee
libzigbee-obj:INTERNAL=zigbee-obj
//list with all enabled modules
ns3-all-enabled-modules:INTERNAL=lorawan;energy;network;stats;core;point-to-point;mpi;buildings;propagation;mobility;antenna;
//ADVANCED property for variable: ns3-contrib-libs
ns3-contrib-libs-ADVANCED:INTERNAL=1
//list of processed contrib modules
ns3-contrib-libs:INTERNAL=
//ADVANCED property for variable: ns3-example-folders
ns3-example-folders-ADVANCED:INTERNAL=1
//list of example folders
ns3-example-folders:INTERNAL=wireless;udp-client-server;udp;tutorial;traffic-control;tcp;stats;socket;routing;realtime;naming;matrix-topology;ipv6;error-model;energy;channel-models;
//ADVANCED property for variable: ns3-execs
ns3-execs-ADVANCED:INTERNAL=1
//list of c++ executables
ns3-execs:INTERNAL=/Users/leonzhang/Documents/school/cs4301/project/cs4301-burst-MAC-project/ns3-temp/build/utils/perf/ns3.46.1-perf-io-default;/Users/leonzhang/Documents/school/cs4301/project/cs4301-burst-MAC-project/ns3-temp/build/utils/ns3.46.1-print-introspected-doxygen-default;/Users/leonzhang/Documents/school/cs4301/project/cs4301-burst-MAC-project/ns3-temp/build/utils/ns3.46.1-bench-packets-default;/Users/leonzhang/Documents/school/cs4301/project/cs4301-burst-MAC-project/ns3-temp/build/utils/ns3.46.1-bench-scheduler-default;/Users/leonzhang/Documents/school/cs4301/project/cs4301-burst-MAC-project/ns3-temp/build/utils/ns3.46.1-test-runner-default;/Users/leonzhang/Documents/school/cs4301/project/cs4301-burst-MAC-project/ns3-temp/build/scratch/subdir/ns3.46.1-scratch-subdir-default;/Users/leonzhang/Documents/school/cs4301/project/cs4301-burst-MAC-project/ns3-temp/build/scratch/nested-subdir/ns3.46.1-scratch-nested-subdir-executable-default;/Users/leonzhang/Documents/school/cs4301/project/cs4301-burst-MAC-project/ns3-temp/build/scratch/ns3.46.1-scratch-simulator-default;/Users/leonzhang/Documents/school/cs4301/project/cs4301-burst-MAC-project/ns3-temp/build/examples/tutorial/ns3.46.1-fourth-default;/Users/leonzhang/Documents/school/cs4301/project/cs4301-burst-MAC-project/ns3-temp/build/examples/tutorial/ns3.46.1-hello-simulator-default;/Users/leonzhang/Documents/school/cs4301/project/cs4301-burst-MAC-project/ns3-temp/build/src/antenna/examples/ns3.46.1-adjacency-matrix-example-default;/Users/leonzhang/Documents/school/cs4301/project/cs4301-burst-MAC-project/ns3-temp/build/src/mobility/examples/ns3.46.1-reference-point-group-mobility-example-default;/Users/leonzhang/Documents/school/cs4301/project/cs4301-burst-MAC-project/ns3-temp/build/src/mobility/examples/ns3.46.1-mobility-trace-example-default;/Users/leonzhang/Documents/school/cs4301/project/cs4301-burst-MAC-project/ns3-temp/build/src/mobility/examples/ns3.46.1-main-grid-topology-default;/Users/leonzhang/Documents/school/cs4301/project/cs4301-burst-MAC-project/ns3-temp/build/src/mobility/examples/ns3.46.1-ns2-mobility-trace-default;/Users/leonzhang/Documents/school/cs4301/project/cs4301-burst-MAC-project/ns3-temp/build/src/mobility/examples/ns3.46.1-main-random-walk-default;/Users/leonzhang/Documents/school/cs4301/project/cs4301-burst-MAC-project/ns3-temp/build/src/mobility/examples/ns3.46.1-main-random-topology-default;/Users/leonzhang/Documents/school/cs4301/project/cs4301-burst-MAC-project/ns3-temp/build/src/mobility/examples/ns3.46.1-constant-mobility-example-default;/Users/leonzhang/Documents/school/cs4301/project/cs4301-burst-MAC-project/ns3-temp/build/src/mobility/examples/ns3.46.1-bonnmotion-ns2-example-default;/Users/leonzhang/Documents/school/cs4301/project/cs4301-burst-MAC-project/ns3-temp/build/src/propagation/examples/ns3.46.1-jakes-propagation-model-example-default;/Users/leonzhang/Documents/school/cs4301/project/cs4301-burst-MAC-project/ns3-temp/build/src/buildings/examples/ns3.46.1-outdoor-random-walk-example-default;/Users/leonzhang/Documents/school/cs4301/project/cs4301-burst-MAC-project/ns3-temp/build/src/buildings/examples/ns3.46.1-outdoor-group-mobility-example-default;/Users/leonzhang/Documents/school/cs4301/project/cs4301-burst-MAC-project/ns3-temp/build/src/point-to-point/examples/ns3.46.1-main-attribute-value-default;/Users/leonzhang/Documents/school/cs4301/project/cs4301-burst-MAC-project/ns3-temp/build/src/core/examples/ns3.46.1-log-example-default;/Users/leonzhang/Documents/school/cs4301/project/cs4301-burst-MAC-project/ns3-temp/build/src/core/examples/ns3.46.1-empirical-random-variable-example-default;/Users/leonzhang/Documents/school/cs4301/project/cs4301-burst-MAC-project/ns3-temp/build/src/core/examples/ns3.46.1-main-test-sync-default;/Users/leonzhang/Documents/school/cs4301/project/cs4301-burst-MAC-project/ns3-temp/build/src/core/examples/ns3.46.1-test-string-value-formatting-default;/Users/leonzhang/Documents/school/cs4301/project/cs4301-burst-MAC-project/ns3-temp/build/src/core/examples/ns3.46.1-system-path-examples-default;/Users/leonzhang/Documents/school/cs4301/project/cs4301-burst-MAC-project/ns3-temp/build/src/core/examples/ns3.46.1-sample-simulator-default;/Users/leonzhang/Documents/school/cs4301/project/cs4301-burst-MAC-project/ns3-temp/build/src/core/examples/ns3.46.1-sample-show-progress-default;/Users/leonzhang/Documents/school/cs4301/project/cs4301-burst-MAC-project/ns3-temp/build/src/core/examples/ns3.46.1-sample-random-variable-stream-default;/Users/leonzhang/Documents/school/cs4301/project/cs4301-burst-MAC-project/ns3-temp/build/src/core/examples/ns3.46.1-sample-random-variable-default;/Users/leonzhang/Documents/school/cs4301/project/cs4301-burst-MAC-project/ns3-temp/build/src/core/examples/ns3.46.1-sample-log-time-format-default;/Users/leonzhang/Documents/school/cs4301/project/cs4301-burst-MAC-project/ns3-temp/build/src/core/examples/ns3.46.1-main-ptr-default;/Users/leonzhang/Documents/school/cs4301/project/cs4301-burst-MAC-project/ns3-temp/build/src/core/examples/ns3.46.1-main-callback-default;/Users/leonzhang/Documents/school/cs4301/project/cs4301-burst-MAC-project/ns3-temp/build/src/core/examples/ns3.46.1-length-example-default;/Users/leonzhang/Documents/school/cs4301/project/cs4301-burst-MAC-project/ns3-temp/build/src/core/examples/ns3.46.1-hash-example-default;/Users/leonzhang/Documents/school/cs4301/project/cs4301-burst-MAC-project/ns3-temp/build/src/core/examples/ns3.46.1-fatal-example-default;/Users/leonzhang/Documents/school/cs4301/project/cs4301-burst-MAC-project/ns3-temp/build/src/core/examples/ns3.46.1-command-line-example-default;/Users/leonzhang/Documents/school/cs4301/project/cs4301-burst-MAC-project/ns3-temp/build/src/core/examples/ns3.46.1-assert-example-default;/Users/leonzhang/Documents/school/cs4301/project/cs4301-burst-MAC-project/ns3-temp/build/src/stats/examples/ns3.46.1-file-helper-example-default;/Users/leonzhang/Documents/school/cs4301/project/cs4301-burst-MAC-project/ns3-temp/build/src/stats/examples/ns3.46.1-file-aggregator-example-default;/Users/leonzhang/Documents/school/cs4301/project/cs4301-burst-MAC-project/ns3-temp/build/src/stats/examples/ns3.46.1-gnuplot-helper-example-default;/Users/leonzhang/Documents/school/cs4301/project/cs4301-burst-MAC-project/ns3-temp/build/src/stats/examples/ns3.46.1-gnuplot-aggregator-example-default;/Users/leonzhang/Documents/school/cs4301/project/cs4301-burst-MAC-project/ns3-temp/build/src/stats/examples/ns3.46.1-double-probe-example-default;/Users/leonzhang/Documents/school/cs4301/project/cs4301-burst-MAC-project/ns3-temp/build/src/stats/examples/ns3.46.1-gnuplot-example-default;/Users/leonzhang/Documents/school/cs4301/project/cs4301-burst-MAC-project/ns3-temp/build/src/stats/examples/ns3.46.1-time-probe-example-default;/Users/leonzhang/Documents/school/cs4301/project/cs4301-burst-MAC-project/ns3-temp/build/src/network/examples/ns3.46.1-lollipop-comparisons-default;/Users/leonzhang/Documents/school/cs4301/project/cs4301-burst-MAC-project/ns3-temp/build/src/network/examples/ns3.46.1-packet-socket-apps-default;/Users/leonzhang/Documents/school/cs4301/project/cs4301-burst-MAC-project/ns3-temp/build/src/network/examples/ns3.46.1-main-packet-tag-default;/Users/leonzhang/Documents/school/cs4301/project/cs4301-burst-MAC-project/ns3-temp/build/src/network/examples/ns3.46.1-main-packet-header-default;/Users/leonzhang/Documents/school/cs4301/project/cs4301-burst-MAC-project/ns3-temp/build/src/network/examples/ns3.46.1-bit-serializer-default;/Users/leonzhang/Documents/school/cs4301/project/cs4301-burst-MAC-project/ns3-temp/build/src/energy/examples/ns3.46.1-generic-battery-discharge-example-default;/Users/leonzhang/Documents/school/cs4301/project/cs4301-burst-MAC-project/ns3-temp/build/src/lorawan/examples/ns3.46.1-frame-counter-update-default;/Users/leonzhang/Documents/school/cs4301/project/cs4301-burst-MAC-project/ns3-temp/build/src/lorawan/examples/ns3.46.1-parallel-reception-example-default;/Users/leonzhang/Documents/school/cs4301/project/cs4301-burst-MAC-project/ns3-temp/build/src/lorawan/examples/ns3.46.1-aloha-throughput-default;/Users/leonzhang/Documents/school/cs4301/project/cs4301-burst-MAC-project/ns3-temp/build/src/lorawan/examples/ns3.46.1-lorawan-energy-model-example-default;/Users/leonzhang/Documents/school/cs4301/project/cs4301-burst-MAC-project/ns3-temp/build/src/lorawan/examples/ns3.46.1-adr-example-default;/Users/leonzhang/Documents/school/cs4301/project/cs4301-burst-MAC-project/ns3-temp/build/src/lorawan/examples/ns3.46.1-complete-network-example-default;/Users/leonzhang/Documents/school/cs4301/project/cs4301-burst-MAC-project/ns3-temp/build/src/lorawan/examples/ns3.46.1-network-server-example-default;/Users/leonzhang/Documents/school/cs4301/project/cs4301-burst-MAC-project/ns3-temp/build/src/lorawan/examples/ns3.46.1-simple-network-example-default;/Users/leonzhang/Documents/school/cs4301/project/cs4301-burst-MAC-project/ns3-temp/cmake-cache/ns3.46.1-stdlib_pch_exec-default;
//ADVANCED property for variable: ns3-execs-clean
ns3-execs-clean-ADVANCED:INTERNAL=1
//list of c++ executables without version prefix and build suffix
ns3-execs-clean:INTERNAL=perf-io;print-introspected-doxygen;bench-packets;bench-scheduler;test-runner;scratch_subdir_scratch-subdir;scratch_nested-subdir_scratch-nested-subdir-executable;scratch_scratch-simulator;fourth;hello-simulator;adjacency-matrix-example;reference-point-group-mobility-example;mobility-trace-example;main-grid-topology;ns2-mobility-trace;main-random-walk;main-random-topology;constant-mobility-example;bonnmotion-ns2-example;jakes-propagation-model-example;outdoor-random-walk-example;outdoor-group-mobility-example;main-attribute-value;log-example;empirical-random-variable-example;main-test-sync;test-string-value-formatting;system-path-examples;sample-simulator;sample-show-progress;sample-random-variable-stream;sample-random-variable;sample-log-time-format;main-ptr;main-callback;length-example;hash-example;fatal-example;command-line-example;assert-example;file-helper-example;file-aggregator-example;gnuplot-helper-example;gnuplot-aggregator-example;double-probe-example;gnuplot-example;time-probe-example;lollipop-comparisons;packet-socket-apps;main-packet-tag;main-packet-header;bit-serializer;generic-battery-discharge-example;frame-counter-update;parallel-reception-example;aloha-throughput;lorawan-energy-model-example;adr-example;complete-network-example;network-server-example;simple-network-example;stdlib_pch_exec;
//ADVANCED property for variable: ns3-execs-py
ns3-execs-py-ADVANCED:INTERNAL=1
//list of python scripts
ns3-execs-py:INTERNAL=
//ADVANCED property for variable: ns3-external-libs
ns3-external-libs-ADVANCED:INTERNAL=1
//list of non-ns libraries to link to NS3_STATIC and NS3_MONOLIB
ns3-external-libs:INTERNAL=;;;;;;/Applications/Xcode.app/Contents/Developer/Platforms/MacOSX.platform/Developer/SDKs/MacOSX.sdk/usr/lib/libsqlite3.tbd;;;;
//ADVANCED property for variable: ns3-libs
ns3-libs-ADVANCED:INTERNAL=1
//list of processed upstream modules
ns3-libs:INTERNAL=antenna;mobility;propagation;buildings;point-to-point;core;stats;network;energy;lorawan;
//ADVANCED property for variable: ns3-libs-tests
ns3-libs-tests-ADVANCED:INTERNAL=1
//list of test libraries
ns3-libs-tests:INTERNAL=antenna-test;mobility-test;propagation-test;buildings-test;point-to-point-test;core-test;stats-test;network-test;energy-test;lorawan-test;
//ADVANCED property for variable: ns3-optional-visualizer-lib
ns3-optional-visualizer-lib-ADVANCED:INTERNAL=1
//visualizer library name
ns3-optional-visualizer-lib:INTERNAL=
stacktrace_flags:INTERNAL=
testantenna:INTERNAL=antenna-test
testbuildings:INTERNAL=buildings-test
testcore:INTERNAL=core-test
testenergy:INTERNAL=energy-test
testlorawan:INTERNAL=lorawan-test
testmobility:INTERNAL=mobility-test
testnetwork:INTERNAL=network-test
testpoint-to-point:INTERNAL=point-to-point-test
testpropagation:INTERNAL=propagation-test
teststats:INTERNAL=stats-test

